2026-04-14 23:07:17,776 - bot - ERROR - API credentials missing. Set BINANCE_TESTNET_API_KEY and BINANCE_TESTNET_API_SECRET environment variables.
2026-04-14 23:23:08,063 - bot - INFO - --- New Mock Order Request ---
2026-04-14 23:23:08,064 - bot - INFO - Validation passed. Sending mock REST direct order...
2026-04-14 23:23:08,065 - bot - DEBUG - Sending POST request to https://httpbin.org/post with data: {'symbol': 'BTCUSDT', 'side': 'BUY', 'type': 'MARKET', 'quantity': 0.01}
2026-04-14 23:23:10,180 - bot - DEBUG - Response: {'args': {}, 'data': '{"symbol": "BTCUSDT", "side": "BUY", "type": "MARKET", "quantity": 0.01}', 'files': {}, 'form': {}, 'headers': {'Accept': '*/*', 'Accept-Encoding': 'gzip, deflate', 'Content-Length': '72', 'Content-Type': 'application/json', 'Host': 'httpbin.org', 'User-Agent': 'python-requests/2.32.3', 'X-Amzn-Trace-Id': 'Root=1-69de7f2e-3dc5e970248c36f00067f536'}, 'json': {'quantity': 0.01, 'side': 'BUY', 'symbol': 'BTCUSDT', 'type': 'MARKET'}, 'origin': '27.60.22.27', 'url': 'https://httpbin.org/post'}
2026-04-14 23:23:10,182 - bot - INFO - Order Placed Successfully via Direct REST Call!
2026-04-14 23:23:10,182 - bot - INFO - Mock Order ID: 592580
2026-04-14 23:23:10,183 - bot - INFO - Status: FILLED
2026-04-14 23:23:10,184 - bot - INFO - Sent Symbol: BTCUSDT
2026-04-14 23:23:10,185 - bot - INFO - Sent Qty: 0.01
2026-04-14 23:25:36,818 - bot - INFO - --- New Mock Order Request ---
2026-04-14 23:25:36,819 - bot - INFO - Validation passed. Sending mock REST direct order...
2026-04-14 23:25:36,819 - bot - DEBUG - Sending POST request to https://httpbin.org/post with data: {'symbol': 'BTCUSDT', 'side': 'BUY', 'type': 'MARKET', 'quantity': 0.5}
2026-04-14 23:25:38,597 - bot - DEBUG - Response: {'args': {}, 'data': '{"symbol": "BTCUSDT", "side": "BUY", "type": "MARKET", "quantity": 0.5}', 'files': {}, 'form': {}, 'headers': {'Accept': '*/*', 'Accept-Encoding': 'gzip, deflate', 'Content-Length': '71', 'Content-Type': 'application/json', 'Host': 'httpbin.org', 'User-Agent': 'python-requests/2.32.3', 'X-Amzn-Trace-Id': 'Root=1-69de7fc2-119648ca3d78d78a2d9ed51e'}, 'json': {'quantity': 0.5, 'side': 'BUY', 'symbol': 'BTCUSDT', 'type': 'MARKET'}, 'origin': '27.60.22.27', 'url': 'https://httpbin.org/post'}
2026-04-14 23:25:38,597 - bot - INFO - Order Placed Successfully via Direct REST Call!
2026-04-14 23:25:38,598 - bot - INFO - Mock Order ID: 376818
2026-04-14 23:25:38,598 - bot - INFO - Status: FILLED
2026-04-14 23:25:38,598 - bot - INFO - Sent Symbol: BTCUSDT
2026-04-14 23:25:38,599 - bot - INFO - Sent Qty: 0.5
2026-04-14 23:26:20,302 - bot - INFO - --- New Mock Order Request ---
2026-04-14 23:26:20,302 - bot - INFO - Validation passed. Sending mock REST direct order...
2026-04-14 23:26:20,303 - bot - DEBUG - Sending POST request to https://httpbin.org/post with data: {'symbol': 'BTCUSDT', 'side': 'BUY', 'type': 'MARKET', 'quantity': 0.5}
2026-04-14 23:26:22,656 - bot - DEBUG - Response: {'args': {}, 'data': '{"symbol": "BTCUSDT", "side": "BUY", "type": "MARKET", "quantity": 0.5}', 'files': {}, 'form': {}, 'headers': {'Accept': '*/*', 'Accept-Encoding': 'gzip, deflate', 'Content-Length': '71', 'Content-Type': 'application/json', 'Host': 'httpbin.org', 'User-Agent': 'python-requests/2.32.3', 'X-Amzn-Trace-Id': 'Root=1-69de7fee-54b9c70e45cea89f44e86c99'}, 'json': {'quantity': 0.5, 'side': 'BUY', 'symbol': 'BTCUSDT', 'type': 'MARKET'}, 'origin': '27.60.22.27', 'url': 'https://httpbin.org/post'}
2026-04-14 23:26:22,657 - bot - INFO - Order Placed Successfully via Direct REST Call!
2026-04-14 23:26:22,657 - bot - INFO - Mock Order ID: 516608
2026-04-14 23:26:22,657 - bot - INFO - Status: FILLED
2026-04-14 23:26:22,658 - bot - INFO - Sent Symbol: BTCUSDT
2026-04-14 23:26:22,658 - bot - INFO - Sent Qty: 0.5
2026-04-15 11:23:40,939 - bot - INFO - --- New Mock Order Request ---
2026-04-15 11:23:40,940 - bot - INFO - Validation passed. Sending mock REST direct order...
2026-04-15 11:23:40,941 - bot - DEBUG - Sending POST request to https://httpbin.org/post with data: {'symbol': 'USDBTC', 'side': 'BUY', 'type': 'MARKET', 'quantity': 1.0}
2026-04-15 11:23:42,544 - bot - DEBUG - Response: {'args': {}, 'data': '{"symbol": "USDBTC", "side": "BUY", "type": "MARKET", "quantity": 1.0}', 'files': {}, 'form': {}, 'headers': {'Accept': '*/*', 'Accept-Encoding': 'gzip, deflate', 'Content-Length': '70', 'Content-Type': 'application/json', 'Host': 'httpbin.org', 'User-Agent': 'python-requests/2.32.3', 'X-Amzn-Trace-Id': 'Root=1-69df280f-6c7968e95f4365df304fbe01'}, 'json': {'quantity': 1.0, 'side': 'BUY', 'symbol': 'USDBTC', 'type': 'MARKET'}, 'origin': '152.58.61.48', 'url': 'https://httpbin.org/post'}
2026-04-15 11:23:42,544 - bot - INFO - Order Placed Successfully via Direct REST Call!
2026-04-15 11:23:42,544 - bot - INFO - Mock Order ID: 135695
2026-04-15 11:23:42,545 - bot - INFO - Status: FILLED
2026-04-15 11:23:42,546 - bot - INFO - Sent Symbol: USDBTC
2026-04-15 11:23:42,547 - bot - INFO - Sent Qty: 1.0
2026-04-15 11:24:05,909 - bot - INFO - --- New Mock Order Request ---
2026-04-15 11:24:05,909 - bot - INFO - Validation passed. Sending mock REST direct order...
2026-04-15 11:24:05,909 - bot - DEBUG - Sending POST request to https://httpbin.org/post with data: {'symbol': 'USDBTC', 'side': 'BUY', 'type': 'MARKET', 'quantity': 1.0}
2026-04-15 11:24:07,100 - bot - DEBUG - Response: {'args': {}, 'data': '{"symbol": "USDBTC", "side": "BUY", "type": "MARKET", "quantity": 1.0}', 'files': {}, 'form': {}, 'headers': {'Accept': '*/*', 'Accept-Encoding': 'gzip, deflate', 'Content-Length': '70', 'Content-Type': 'application/json', 'Host': 'httpbin.org', 'User-Agent': 'python-requests/2.32.3', 'X-Amzn-Trace-Id': 'Root=1-69df2828-4ea7d5c3773415a02f7840d2'}, 'json': {'quantity': 1.0, 'side': 'BUY', 'symbol': 'USDBTC', 'type': 'MARKET'}, 'origin': '152.58.61.48', 'url': 'https://httpbin.org/post'}
2026-04-15 11:24:07,100 - bot - INFO - Order Placed Successfully via Direct REST Call!
2026-04-15 11:24:07,100 - bot - INFO - Mock Order ID: 692137
2026-04-15 11:24:07,101 - bot - INFO - Status: FILLED
2026-04-15 11:24:07,101 - bot - INFO - Sent Symbol: USDBTC
2026-04-15 11:24:07,103 - bot - INFO - Sent Qty: 1.0
2026-04-15 11:24:21,477 - bot - INFO - --- New Mock Order Request ---
2026-04-15 11:24:21,477 - bot - INFO - Validation passed. Sending mock REST direct order...
2026-04-15 11:24:21,478 - bot - DEBUG - Sending POST request to https://httpbin.org/post with data: {'symbol': 'BTCUSD', 'side': 'BUY', 'type': 'MARKET', 'quantity': 1.0}
2026-04-15 11:24:22,886 - bot - DEBUG - Response: {'args': {}, 'data': '{"symbol": "BTCUSD", "side": "BUY", "type": "MARKET", "quantity": 1.0}', 'files': {}, 'form': {}, 'headers': {'Accept': '*/*', 'Accept-Encoding': 'gzip, deflate', 'Content-Length': '70', 'Content-Type': 'application/json', 'Host': 'httpbin.org', 'User-Agent': 'python-requests/2.32.3', 'X-Amzn-Trace-Id': 'Root=1-69df2837-1755cf794b2651f75d77af97'}, 'json': {'quantity': 1.0, 'side': 'BUY', 'symbol': 'BTCUSD', 'type': 'MARKET'}, 'origin': '152.58.61.48', 'url': 'https://httpbin.org/post'}
2026-04-15 11:24:22,886 - bot - INFO - Order Placed Successfully via Direct REST Call!
2026-04-15 11:24:22,887 - bot - INFO - Mock Order ID: 154913
2026-04-15 11:24:22,887 - bot - INFO - Status: FILLED
2026-04-15 11:24:22,888 - bot - INFO - Sent Symbol: BTCUSD
2026-04-15 11:24:22,888 - bot - INFO - Sent Qty: 1.0
2026-04-15 11:26:33,244 - bot - INFO - --- New Mock Order Request ---
2026-04-15 11:26:33,245 - bot - ERROR - Validation Failed: Price must be greater than 0.
2026-04-15 11:26:39,774 - bot - INFO - --- New Mock Order Request ---
2026-04-15 11:26:39,775 - bot - INFO - Validation passed. Sending mock REST direct order...
2026-04-15 11:26:39,776 - bot - DEBUG - Sending POST request to https://httpbin.org/post with data: {'symbol': 'BTCUSDT', 'side': 'BUY', 'type': 'LIMIT', 'quantity': 0.01, 'price': 5.0}
2026-04-15 11:26:41,517 - bot - DEBUG - Response: {'args': {}, 'data': '{"symbol": "BTCUSDT", "side": "BUY", "type": "LIMIT", "quantity": 0.01, "price": 5.0}', 'files': {}, 'form': {}, 'headers': {'Accept': '*/*', 'Accept-Encoding': 'gzip, deflate', 'Content-Length': '85', 'Content-Type': 'application/json', 'Host': 'httpbin.org', 'User-Agent': 'python-requests/2.32.3', 'X-Amzn-Trace-Id': 'Root=1-69df28c2-114ec3af16e4efbb3226f555'}, 'json': {'price': 5.0, 'quantity': 0.01, 'side': 'BUY', 'symbol': 'BTCUSDT', 'type': 'LIMIT'}, 'origin': '152.58.61.48', 'url': 'https://httpbin.org/post'}
2026-04-15 11:26:41,518 - bot - INFO - Order Placed Successfully via Direct REST Call!
2026-04-15 11:26:41,518 - bot - INFO - Mock Order ID: 516415
2026-04-15 11:26:41,519 - bot - INFO - Status: NEW
2026-04-15 11:26:41,519 - bot - INFO - Sent Symbol: BTCUSDT
2026-04-15 11:26:41,520 - bot - INFO - Sent Qty: 0.01
2026-04-15 11:28:33,092 - bot - INFO - --- New Mock Order Request ---
2026-04-15 11:28:33,093 - bot - INFO - Validation passed. Sending mock REST direct order...
2026-04-15 11:28:33,093 - bot - DEBUG - Sending POST request to https://httpbin.org/post with data: {'symbol': 'ETHUSDT', 'side': 'BUY', 'type': 'MARKET', 'quantity': 1.5}
2026-04-15 11:28:33,116 - bot - ERROR - Network Error: HTTPSConnectionPool(host='httpbin.org', port=443): Max retries exceeded with url: /post (Caused by NameResolutionError("<urllib3.connection.HTTPSConnection object at 0x000001E0D971FE90>: Failed to resolve 'httpbin.org' ([Errno 11001] getaddrinfo failed)"))
2026-04-15 11:28:33,117 - bot - ERROR - Order Placement Failed: HTTPSConnectionPool(host='httpbin.org', port=443): Max retries exceeded with url: /post (Caused by NameResolutionError("<urllib3.connection.HTTPSConnection object at 0x000001E0D971FE90>: Failed to resolve 'httpbin.org' ([Errno 11001] getaddrinfo failed)"))
2026-04-15 11:31:22,177 - bot - INFO - --- New Mock Order Request ---
2026-04-15 11:31:22,178 - bot - INFO - Validation passed. Sending mock REST direct order...
2026-04-15 11:31:22,178 - bot - DEBUG - Sending POST request to https://httpbin.org/post with data: {'symbol': 'BTCUSDT', 'side': 'SELL', 'type': 'LIMIT', 'quantity': 0.5, 'price': 60000.0}
2026-04-15 11:31:30,594 - bot - DEBUG - Response: {'args': {}, 'data': '{"symbol": "BTCUSDT", "side": "SELL", "type": "LIMIT", "quantity": 0.5, "price": 60000.0}', 'files': {}, 'form': {}, 'headers': {'Accept': '*/*', 'Accept-Encoding': 'gzip, deflate', 'Content-Length': '89', 'Content-Type': 'application/json', 'Host': 'httpbin.org', 'User-Agent': 'python-requests/2.32.3', 'X-Amzn-Trace-Id': 'Root=1-69df29e2-2474121307c5a0e2248e3d1d'}, 'json': {'price': 60000.0, 'quantity': 0.5, 'side': 'SELL', 'symbol': 'BTCUSDT', 'type': 'LIMIT'}, 'origin': '152.58.61.48', 'url': 'https://httpbin.org/post'}
2026-04-15 11:31:30,595 - bot - INFO - Order Placed Successfully via Direct REST Call!
2026-04-15 11:31:30,595 - bot - INFO - Mock Order ID: 486787
2026-04-15 11:31:30,595 - bot - INFO - Status: NEW
2026-04-15 11:31:30,596 - bot - INFO - Sent Symbol: BTCUSDT
2026-04-15 11:31:30,596 - bot - INFO - Sent Qty: 0.5
2026-04-15 11:31:42,308 - bot - INFO - --- New Mock Order Request ---
2026-04-15 11:31:42,309 - bot - INFO - Validation passed. Sending mock REST direct order...
2026-04-15 11:31:42,309 - bot - DEBUG - Sending POST request to https://httpbin.org/post with data: {'symbol': 'ETHUSDT', 'side': 'BUY', 'type': 'MARKET', 'quantity': 1.5}
2026-04-15 11:31:45,648 - bot - DEBUG - Response: {'args': {}, 'data': '{"symbol": "ETHUSDT", "side": "BUY", "type": "MARKET", "quantity": 1.5}', 'files': {}, 'form': {}, 'headers': {'Accept': '*/*', 'Accept-Encoding': 'gzip, deflate', 'Content-Length': '71', 'Content-Type': 'application/json', 'Host': 'httpbin.org', 'User-Agent': 'python-requests/2.32.3', 'X-Amzn-Trace-Id': 'Root=1-69df29f2-083b2d5402808ea70e025665'}, 'json': {'quantity': 1.5, 'side': 'BUY', 'symbol': 'ETHUSDT', 'type': 'MARKET'}, 'origin': '152.58.61.48', 'url': 'https://httpbin.org/post'}
2026-04-15 11:31:45,648 - bot - INFO - Order Placed Successfully via Direct REST Call!
2026-04-15 11:31:45,649 - bot - INFO - Mock Order ID: 379092
2026-04-15 11:31:45,649 - bot - INFO - Status: FILLED
2026-04-15 11:31:45,649 - bot - INFO - Sent Symbol: ETHUSDT
2026-04-15 11:31:45,650 - bot - INFO - Sent Qty: 1.5
